<?xml version="1.0" encoding="UTF-8"?>
<!-- Generated by org.testng.reporters.JUnitReportReporter -->
<testsuite hostname="LAPTOP-JRADBEE7" failures="0" tests="2" name="testPack.TestNGClass" time="16.581" errors="0" timestamp="2023-02-04T21:21:38 IST" skipped="0">
  <testcase classname="testPack.TestNGClass" name="verifyHomePage" time="9.846"/>
  <system-out/>
  <testcase classname="testPack.TestNGClass" name="verifyAddToCartPage" time="6.735"/>
  <system-out/>
</testsuite> <!-- testPack.TestNGClass -->
